<?xml version="1.0" encoding="UTF-8"?>
<testng-results skipped="0" failed="0" ignored="0" total="1" passed="1">
  <reporter-output>
  </reporter-output>
  <suite name="Default suite" duration-ms="25022" started-at="2018-04-20T11:30:04Z" finished-at="2018-04-20T11:30:29Z">
    <groups>
    </groups>
    <test name="Default test" duration-ms="25022" started-at="2018-04-20T11:30:04Z" finished-at="2018-04-20T11:30:29Z">
      <class name="RestAPIServices.RestServices">
        <test-method status="PASS" signature="main()[pri:0, instance:RestAPIServices.RestServices@7a1ebcd8]" name="main" is-config="true" duration-ms="461" started-at="2018-04-20T17:00:04Z" finished-at="2018-04-20T17:00:04Z">
          <reporter-output>
          </reporter-output>
        </test-method> <!-- main -->
        <test-method status="PASS" signature="login()[pri:0, instance:RestAPIServices.RestServices@7a1ebcd8]" name="login" duration-ms="24531" started-at="2018-04-20T17:00:04Z" finished-at="2018-04-20T17:00:29Z">
          <reporter-output>
          </reporter-output>
        </test-method> <!-- login -->
      </class> <!-- RestAPIServices.RestServices -->
    </test> <!-- Default test -->
  </suite> <!-- Default suite -->
</testng-results>
